1620762792902.169
1620762793320.2227
1620762793799.6946
1620762794270.8447
1620762794724.0977
1620762795176.664
1620762795603.2056
1620762796011.0671
1620762796459.4128
1620762796908.8694
1620762797372.045
1620762797830.7341
1620762798375.2483
1620762798797.9705
1620762799227.0928
1620762799657.9915
1620762800106.1123
1620762800574.54
1620762800972.9849
1620762801441.3784
1620762801893.5288
1620762802369.2039
1620762802823.434
1620762803252.2778
1620762803694.1233
1620762804133.7888
1620762804561.9
1620762805020.5232
1620762805475.3093
1620762805899.8928
1620762806385.759
1620762806838.9873
1620762807310.063
1620762807761.0034
1620762808193.7734
1620762808617.93
1620762809021.461
1620762809443.921
1620762809860.9768
1620762810268.9148
1620762810711.862
1620762811176.758
1620762811621.0542
1620762812079.715
1620762812526.601
1620762812993.2227
1620762813457.5269
1620762813929.61
1620762814399.3425
1620762814818.65
1620762815250.5344
1620762815673.2283
1620762816095.6917
1620762816509.7346
1620762816960.9094
1620762817374.8994
1620762817798.4114
1620762818242.6855
1620762818661.6292
1620762819100.3196
1620762819579.4734
1620762820061.1868
1620762820533.462
1620762820997.3792
1620762821451.7373
1620762821883.6892
1620762822322.6824
1620762822785.9358
1620762823229.2246
1620762823666.0664
1620762824112.642
1620762824576.287
1620762825027.5874
1620762825444.8801
1620762825869.5647
1620762826283.0364
1620762826720.3237
1620762827212.8862
1620762827665.5068
1620762828121.801
1620762828545.834
1620762829014.9172
1620762829547.5442
1620762829992.6736
1620762830427.8557
1620762830905.35
1620762831328.4844
1620762831759.1152
1620762832182.2534
1620762832601.3254
1620762833027.1934
1620762833470.481
1620762833913.4565
1620762834393.772
1620762834847.9343
1620762835271.248
1620762835692.481
1620762836113.5415
1620762836521.2334
1620762836993.9333
1620762837483.8127
1620762837914.0925
1620762838354.837
1620762838818.0493
1620762839442.0662
1620762840120.5872
1620762840947.3245
1620762841454.502
1620762841873.8135
1620762842307.7554
1620762842757.3955
1620762843227.491
1620762843653.373
1620762844139.29
1620762844577.8857
1620762845012.0764
1620762845419.5466
1620762845858.756
1620762846273.3745
1620762846674.9207
1620762847140.7349
1620762847561.8667
1620762848019.1414
1620762848431.3728
1620762848893.2502
1620762849346.782
1620762849750.376
1620762850199.8425
1620762850619.1843
1620762851077.3936
1620762851503.1553
1620762851932.4812
1620762852346.5198
1620762852786.0847
1620762853226.798
1620762853678.7158
1620762854130.415
1620762854580.5476
1620762855010.1353
1620762855411.4429
1620762855851.2036
1620762856271.1006
1620762856717.4358
1620762857151.8188
1620762857592.7285
1620762858063.8542
1620762858543.209
1620762859006.0022
1620762859409.985
1620762859894.123
1620762860356.9927
1620762860840.1482
1620762861296.6091
1620762861724.7856
1620762862191.5452
1620762862644.8396
1620762863047.5935
1620762863501.4258
1620762863951.1582
1620762864409.278
1620762864852.51
1620762865305.6682
1620762865770.0938
1620762866234.1924
1620762866678.8071
1620762867162.127
1620762867632.8108
1620762868076.0425
1620762868547.8477
1620762868989.095
1620762869423.5615
1620762869836.5642
1620762870324.9717
1620762870820.7217
1620762871299.4534
1620762871782.7292
1620762872281.2397
1620762872773.208
1620762873244.367
1620762873707.4421
1620762874200.7996
1620762874690.0696
1620762875168.5051
1620762875643.1768
1620762876115.9011
1620762876585.1462
1620762877065.3083
1620762877484.9204
1620762877978.738
1620762878448.3174
1620762878873.5203
1620762879284.1582
1620762879694.0793
1620762880164.2524
1620762880731.587
1620762881134.8477
1620762881591.5005
1620762882035.5962
1620762882486.1782
1620762882959.5918
