1795CFD9467
1795CFD964F
1795CFD9818
1795CFD99D3
1795CFD9BA5
1795CFD9D55
1795CFD9F8C
1795CFDA0AC
1795CFDA2FC
1795CFDA43F
1795CFDA5FF
1795CFDA7E5
1795CFDA9D4
1795CFDAB6C
1795CFDAD2B
1795CFDAED6
1795CFDB0C0
1795CFDB257
1795CFDB408
1795CFDB5D8
1795CFDB7BA
1795CFDB98F
1795CFDBB2E
1795CFDBCF1
1795CFDBEB4
1795CFDC111
1795CFDC222
1795CFDC3D3
1795CFDC58E
1795CFDC75B
1795CFDC922
1795CFDCB08
1795CFDCCCD
1795CFDCE74
1795CFDD01F
1795CFDD1B3
1795CFDD368
1795CFDD4F6
1795CFDD689
1795CFDD83B
1795CFDDA1C
1795CFDDBC9
1795CFDDD99
1795CFDDF72
1795CFDE13D
1795CFDE3A6
1795CFDE4D5
1795CFDE6C6
1795CFDE862
1795CFDEA03
1795CFDEC05
1795CFDED59
1795CFDEEEF
1795CFDF08F
1795CFDF254
1795CFDF3FB
1795CFDF5C0
1795CFDF75E
1795CFDF916
1795CFDFAE8
1795CFDFCD9
1795CFDFEAD
1795CFE00E1
1795CFE0244
1795CFE03F1
1795CFE0599
1795CFE0780
1795CFE093C
1795CFE0AE5
1795CFE0C95
1795CFE0E79
1795CFE103D
1795CFE11EA
1795CFE1388
1795CFE1533
1795CFE16E9
1795CFE18AF
1795CFE1A8B
1795CFE1C61
1795CFE1DFF
1795CFE1FC7
1795CFE21AC
1795CFE239E
1795CFE2550
1795CFE272B
1795CFE28D5
1795CFE2A7C
1795CFE2C2F
1795CFE2DC7
1795CFE2F86
1795CFE3135
1795CFE32DD
1795CFE34D2
1795CFE3693
1795CFE38C3
1795CFE39DF
1795CFE3B92
1795CFE3D28
1795CFE3EED
1795CFE40D2
1795CFE428C
1795CFE4440
1795CFE4618
1795CFE47FE
1795CFE4A6A
1795CFE4DB3
1795CFE502C
1795CFE51FE
1795CFE53B9
1795CFE5594
1795CFE5743
1795CFE58F8
1795CFE5ADD
1795CFE5CA3
1795CFE5E45
1795CFE5FE6
1795CFE61A1
1795CFE6322
1795CFE64D4
1795CFE66A4
1795CFE6831
1795CFE6A0B
1795CFE6BB2
1795CFE6D7E
1795CFE6F44
1795CFE70D8
1795CFE729E
1795CFE7433
1795CFE7620
1795CFE77AE
1795CFE7944
1795CFE7AF4
1795CFE7CB7
1795CFE7E60
1795CFE80D5
1795CFE81FF
1795CFE83BB
1795CFE854F
1795CFE86E5
1795CFE88AD
1795CFE8A51
1795CFE8C86
1795CFE8DAB
1795CFE8F67
1795CFE9134
1795CFE9332
1795CFE94EC
1795CFE967F
1795CFE9873
1795CFE9A3E
1795CFE9C1A
1795CFE9DEB
1795CFE9F99
1795CFEA1E5
1795CFEA323
1795CFEA4C0
1795CFEA687
1795CFEA842
1795CFEAA08
1795CFEABC8
1795CFEAD87
1795CFEAF6C
1795CFEB125
1795CFEB2E5
1795CFEB4C7
1795CFEB6A2
1795CFEB8EF
1795CFEBA42
1795CFEBBEC
1795CFEBDA9
1795CFEBF3D
1795CFEC137
1795CFEC31C
1795CFEC4E0
1795CFEC6CA
1795CFEC8C1
1795CFECAAC
1795CFECCA0
1795CFECE55
1795CFED0D4
1795CFED232
1795CFED3FD
1795CFED5FD
1795CFED7C0
1795CFED9A9
1795CFEDB82
1795CFEDD30
1795CFEDF0D
1795CFEE0F8
1795CFEE294
1795CFEE42B
1795CFEE5C7
1795CFEE796
1795CFEE9D2
1795CFEEC06
1795CFEEDB5
1795CFEEEE8
1795CFEF0B6
1795CFEF281
1795CFEF4B1
